<?xml version="1.0" encoding="UTF-8"?>
<testng-results ignored="0" total="1" passed="1" failed="0" skipped="0">
  <reporter-output>
  </reporter-output>
  <suite started-at="2025-05-19T20:42:14 IST" name="Default suite" finished-at="2025-05-19T20:42:17 IST" duration-ms="3580">
    <groups>
    </groups>
    <test started-at="2025-05-19T20:42:14 IST" name="Default test" finished-at="2025-05-19T20:42:17 IST" duration-ms="3580">
      <class name="com.orangeHrm.ui.baseLayer.BaseClass">
        <test-method signature="abc()[pri:0, instance:com.orangeHrm.ui.baseLayer.BaseClass@5f058f00]" started-at="2025-05-19T20:42:14 IST" name="abc" finished-at="2025-05-19T20:42:17 IST" duration-ms="3543" status="PASS">
          <reporter-output>
          </reporter-output>
        </test-method> <!-- abc -->
      </class> <!-- com.orangeHrm.ui.baseLayer.BaseClass -->
    </test> <!-- Default test -->
  </suite> <!-- Default suite -->
</testng-results>
